<?xml version='1.0' encoding='UTF-8'?>
<project>
  <actions/>
  <description></description>
  <keepDependencies>false</keepDependencies>
  <properties>
    <com.coravy.hudson.plugins.github.GithubProjectProperty plugin="github@1.28.0">
      <projectUrl>https://github.com/rmzoni/user-api-test/</projectUrl>
      <displayName></displayName>
    </com.coravy.hudson.plugins.github.GithubProjectProperty>
  </properties>
  <scm class="hudson.plugins.git.GitSCM" plugin="git@3.5.1">
    <configVersion>2</configVersion>
    <userRemoteConfigs>
      <hudson.plugins.git.UserRemoteConfig>
        <url>https://github.com/rmzoni/user-api-test</url>
        <credentialsId>rmzoni-github</credentialsId>
      </hudson.plugins.git.UserRemoteConfig>
    </userRemoteConfigs>
    <branches>
      <hudson.plugins.git.BranchSpec>
        <name>*/master</name>
      </hudson.plugins.git.BranchSpec>
    </branches>
    <doGenerateSubmoduleConfigurations>false</doGenerateSubmoduleConfigurations>
    <submoduleCfg class="list"/>
    <extensions/>
  </scm>
  <canRoam>true</canRoam>
  <disabled>false</disabled>
  <blockBuildWhenDownstreamBuilding>false</blockBuildWhenDownstreamBuilding>
  <blockBuildWhenUpstreamBuilding>false</blockBuildWhenUpstreamBuilding>
  <triggers/>
  <concurrentBuild>false</concurrentBuild>
  <builders>
    <com.cloudbees.dockerpublish.DockerBuilder plugin="docker-build-publish@1.3.2">
      <server plugin="docker-commons@1.8"/>
      <registry plugin="docker-commons@1.8"/>
      <repoName>rmzoni/user-api-test</repoName>
      <noCache>false</noCache>
      <forcePull>true</forcePull>
      <skipBuild>false</skipBuild>
      <skipDecorate>false</skipDecorate>
      <repoTag>v_$BUILD_NUMBER</repoTag>
      <skipPush>false</skipPush>
      <createFingerprint>true</createFingerprint>
      <skipTagLatest>false</skipTagLatest>
      <buildAdditionalArgs></buildAdditionalArgs>
      <forceTag>false</forceTag>
    </com.cloudbees.dockerpublish.DockerBuilder>
  </builders>
  <publishers/>
  <buildWrappers/>
</project>